<?xml version="1.0" encoding="UTF-8"?>
<testng-results skipped="0" failed="0" total="2" passed="2">
  <reporter-output>
  </reporter-output>
  <suite name="Default suite" duration-ms="49430" started-at="2016-06-25T15:21:46Z" finished-at="2016-06-25T15:22:36Z">
    <groups>
    </groups>
    <test name="Default test" duration-ms="49430" started-at="2016-06-25T15:21:46Z" finished-at="2016-06-25T15:22:36Z">
      <class name="com.zopperSanity.VerifyTitle">
        <test-method status="PASS" signature="verifyBlogTitle()[pri:0, instance:com.zopperSanity.VerifyTitle@75bd9247]" name="verifyBlogTitle" duration-ms="15756" started-at="2016-06-25T20:51:46Z" finished-at="2016-06-25T20:52:02Z">
          <reporter-output>
          </reporter-output>
        </test-method> <!-- verifyBlogTitle -->
        <test-method status="PASS" signature="tearDown(org.testng.ITestResult)[pri:0, instance:com.zopperSanity.VerifyTitle@75bd9247]" name="tearDown" is-config="true" duration-ms="1523" started-at="2016-06-25T20:52:02Z" finished-at="2016-06-25T20:52:04Z">
          <params>
            <param index="0">
              <value>
                <![CDATA[[TestResult name=verifyBlogTitle status=SUCCESS method=VerifyTitle.verifyBlogTitle()[pri:0, instance:com.zopperSanity.VerifyTitle@75bd9247] output={null}]]]>
              </value>
            </param>
          </params>
          <reporter-output>
          </reporter-output>
        </test-method> <!-- tearDown -->
        <test-method status="PASS" signature="verifyMyAccount()[pri:0, instance:com.zopperSanity.VerifyTitle@75bd9247]" name="verifyMyAccount" duration-ms="30659" started-at="2016-06-25T20:52:04Z" finished-at="2016-06-25T20:52:34Z">
          <reporter-output>
          </reporter-output>
        </test-method> <!-- verifyMyAccount -->
        <test-method status="PASS" signature="tearDown(org.testng.ITestResult)[pri:0, instance:com.zopperSanity.VerifyTitle@75bd9247]" name="tearDown" is-config="true" duration-ms="1474" started-at="2016-06-25T20:52:34Z" finished-at="2016-06-25T20:52:36Z">
          <params>
            <param index="0">
              <value>
                <![CDATA[[TestResult name=verifyMyAccount status=SUCCESS method=VerifyTitle.verifyMyAccount()[pri:0, instance:com.zopperSanity.VerifyTitle@75bd9247] output={null}]]]>
              </value>
            </param>
          </params>
          <reporter-output>
          </reporter-output>
        </test-method> <!-- tearDown -->
      </class> <!-- com.zopperSanity.VerifyTitle -->
    </test> <!-- Default test -->
  </suite> <!-- Default suite -->
</testng-results>
